*** Starting uWSGI 2.0.18 (64bit) on [Mon Jun  8 03:09:12 2020] ***
compiled with version: 5.4.0 20160609 on 08 June 2020 09:45:43
os: Linux-4.15.0-101-generic #102~16.04.1-Ubuntu SMP Mon May 11 11:38:16 UTC 2020
nodename: ubuntu
machine: x86_64
clock source: unix
detected number of CPU cores: 4
current working directory: /home/xiaoniuniu2/GP1/day8/GPAXF
writing pidfile to uwsgi.pid
detected binary path: /home/xiaoniuniu2/.virtualenvs/GP1/bin/uwsgi
!!! no internal routing support, rebuild with pcre support !!!
chdir() to /home/xiaoniuniu2/GP1/day8/GPAXF
your processes number limit is 12424
your memory page size is 4096 bytes
detected max file descriptor number: 1048576
lock engine: pthread robust mutexes
thunder lock: disabled (you can enable it with --thunder-lock)
probably another instance of uWSGI is running on the same address (127.0.0.1:8010).
bind(): Address already in use [core/socket.c line 769]
*** Starting uWSGI 2.0.18 (64bit) on [Mon Jun  8 03:10:32 2020] ***
compiled with version: 5.4.0 20160609 on 08 June 2020 09:45:43
os: Linux-4.15.0-101-generic #102~16.04.1-Ubuntu SMP Mon May 11 11:38:16 UTC 2020
nodename: ubuntu
machine: x86_64
clock source: unix
detected number of CPU cores: 4
current working directory: /home/xiaoniuniu2/GP1/day8/GPAXF
writing pidfile to uwsgi.pid
detected binary path: /home/xiaoniuniu2/.virtualenvs/GP1/bin/uwsgi
!!! no internal routing support, rebuild with pcre support !!!
chdir() to /home/xiaoniuniu2/GP1/day8/GPAXF
your processes number limit is 12424
your memory page size is 4096 bytes
detected max file descriptor number: 1048576
lock engine: pthread robust mutexes
thunder lock: disabled (you can enable it with --thunder-lock)
uWSGI http bound on 127.0.0.1:8000 fd 4
uwsgi socket 0 bound to TCP address 127.0.0.1:43775 (port auto-assigned) fd 3
Python version: 3.5.2 (default, Apr 16 2020, 17:47:17)  [GCC 5.4.0 20160609]
Python main interpreter initialized at 0xc4b500
python threads support enabled
your server socket listen backlog is limited to 100 connections
your mercy for graceful operations on workers is 60 seconds
mapped 835120 bytes (815 KB) for 40 cores
*** Operational MODE: preforking+threaded ***
WSGI app 0 (mountpoint='') ready in 0 seconds on interpreter 0xc4b500 pid: 9550 (default app)
*** uWSGI is running in multiple interpreter mode ***
spawned uWSGI master process (pid: 9550)
spawned uWSGI worker 1 (pid: 9553, cores: 10)
spawned uWSGI worker 2 (pid: 9554, cores: 10)
spawned uWSGI worker 3 (pid: 9562, cores: 10)
spawned uWSGI worker 4 (pid: 9572, cores: 10)
spawned uWSGI http 1 (pid: 9575)
*** Starting uWSGI 2.0.18 (64bit) on [Mon Jun  8 03:10:54 2020] ***
compiled with version: 5.4.0 20160609 on 08 June 2020 09:45:43
os: Linux-4.15.0-101-generic #102~16.04.1-Ubuntu SMP Mon May 11 11:38:16 UTC 2020
nodename: ubuntu
machine: x86_64
clock source: unix
detected number of CPU cores: 4
current working directory: /home/xiaoniuniu2/GP1/day8/GPAXF
writing pidfile to uwsgi.pid
detected binary path: /home/xiaoniuniu2/.virtualenvs/GP1/bin/uwsgi
!!! no internal routing support, rebuild with pcre support !!!
chdir() to /home/xiaoniuniu2/GP1/day8/GPAXF
your processes number limit is 12424
your memory page size is 4096 bytes
detected max file descriptor number: 1048576
lock engine: pthread robust mutexes
thunder lock: disabled (you can enable it with --thunder-lock)
probably another instance of uWSGI is running on the same address (127.0.0.1:8000).
bind(): Address already in use [core/socket.c line 769]
*** Starting uWSGI 2.0.18 (64bit) on [Mon Jun  8 03:11:37 2020] ***
compiled with version: 5.4.0 20160609 on 08 June 2020 09:45:43
os: Linux-4.15.0-101-generic #102~16.04.1-Ubuntu SMP Mon May 11 11:38:16 UTC 2020
nodename: ubuntu
machine: x86_64
clock source: unix
detected number of CPU cores: 4
current working directory: /home/xiaoniuniu2/GP1/day8/GPAXF
writing pidfile to uwsgi.pid
detected binary path: /home/xiaoniuniu2/.virtualenvs/GP1/bin/uwsgi
!!! no internal routing support, rebuild with pcre support !!!
chdir() to /home/xiaoniuniu2/GP1/day8/GPAXF
your processes number limit is 12424
your memory page size is 4096 bytes
detected max file descriptor number: 1048576
lock engine: pthread robust mutexes
thunder lock: disabled (you can enable it with --thunder-lock)
probably another instance of uWSGI is running on the same address (127.0.0.1:8000).
bind(): Address already in use [core/socket.c line 769]
[pid: 9554|app: 0|req: 1/1] 127.0.0.1 () {42 vars in 861 bytes} [Mon Jun  8 18:12:59 2020] GET /axf/mine/ => generated 5952 bytes in 65 msecs (HTTP/1.1 200) 4 headers in 124 bytes (1 switches on core 0)
[pid: 9554|app: 0|req: 2/2] 127.0.0.1 () {42 vars in 848 bytes} [Mon Jun  8 18:12:59 2020] GET /static/css/reset.css => generated 94 bytes in 1 msecs (HTTP/1.1 404) 3 headers in 100 bytes (1 switches on core 7)
[pid: 9553|app: 0|req: 1/3] 127.0.0.1 () {42 vars in 856 bytes} [Mon Jun  8 18:12:59 2020] GET /static/css/bootstrap.css => generated 98 bytes in 45 msecs (HTTP/1.1 404) 3 headers in 100 bytes (1 switches on core 0)
[pid: 9562|app: 0|req: 2/4] 127.0.0.1 () {40 vars in 809 bytes} [Mon Jun  8 18:12:59 2020] GET /static/axf/main/css/mine.css => generated 102 bytes in 9 msecs (HTTP/1.1 404) 3 headers in 101 bytes (1 switches on core 2)
[pid: 9562|app: 0|req: 3/5] 127.0.0.1 () {40 vars in 790 bytes} [Mon Jun  8 18:12:59 2020] GET /static/axf/main/js/mine.js => generated 100 bytes in 1 msecs (HTTP/1.1 404) 3 headers in 101 bytes (1 switches on core 4)
[pid: 9562|app: 0|req: 3/6] 127.0.0.1 () {42 vars in 850 bytes} [Mon Jun  8 18:12:59 2020] GET /static/css/swiper.css => generated 95 bytes in 65 msecs (HTTP/1.1 404) 3 headers in 100 bytes (1 switches on core 0)
[pid: 9572|app: 0|req: 4/7] 127.0.0.1 () {42 vars in 837 bytes} [Mon Jun  8 18:12:59 2020] GET /static/js/bootstrap.js => generated 96 bytes in 68 msecs (HTTP/1.1 404) 3 headers in 100 bytes (1 switches on core 7)
[pid: 9572|app: 0|req: 4/8] 127.0.0.1 () {42 vars in 864 bytes} [Mon Jun  8 18:12:59 2020] GET /static/axf/main/css/main.css => generated 102 bytes in 73 msecs (HTTP/1.1 404) 3 headers in 101 bytes (1 switches on core 0)
[pid: 9572|app: 0|req: 4/9] 127.0.0.1 () {42 vars in 827 bytes} [Mon Jun  8 18:12:59 2020] GET /static/js/base.js => generated 91 bytes in 56 msecs (HTTP/1.1 404) 3 headers in 100 bytes (1 switches on core 5)
[pid: 9572|app: 0|req: 4/10] 127.0.0.1 () {42 vars in 831 bytes} [Mon Jun  8 18:12:59 2020] GET /static/js/jquery.js => generated 93 bytes in 72 msecs (HTTP/1.1 404) 3 headers in 100 bytes (1 switches on core 6)
[pid: 9554|app: 0|req: 3/11] 127.0.0.1 () {40 vars in 910 bytes} [Mon Jun  8 18:12:59 2020] GET /static/upload/icons/20/05/15/%E5%BE%AE%E4%BF%A1%E5%9B%BE%E7%89%87_20200513204916_y02ahkY.jpg => generated 142 bytes in 1 msecs (HTTP/1.1 404) 3 headers in 101 bytes (1 switches on core 3)
[pid: 9554|app: 0|req: 4/12] 127.0.0.1 () {40 vars in 783 bytes} [Mon Jun  8 18:12:59 2020] GET /static/js/bootstrap.js => generated 96 bytes in 0 msecs (HTTP/1.1 404) 3 headers in 100 bytes (1 switches on core 5)
[pid: 9554|app: 0|req: 5/13] 127.0.0.1 () {40 vars in 773 bytes} [Mon Jun  8 18:12:59 2020] GET /static/js/base.js => generated 91 bytes in 0 msecs (HTTP/1.1 404) 3 headers in 100 bytes (1 switches on core 5)
[pid: 9562|app: 0|req: 4/14] 127.0.0.1 () {42 vars in 846 bytes} [Mon Jun  8 18:12:59 2020] GET /static/axf/main/js/mine.js => generated 100 bytes in 1 msecs (HTTP/1.1 404) 3 headers in 101 bytes (1 switches on core 7)
[pid: 9554|app: 0|req: 6/15] 127.0.0.1 () {42 vars in 863 bytes} [Mon Jun  8 18:13:03 2020] GET /axf/mine/ => generated 5952 bytes in 15 msecs (HTTP/1.1 200) 4 headers in 124 bytes (1 switches on core 5)
[pid: 9562|app: 0|req: 5/16] 127.0.0.1 () {40 vars in 794 bytes} [Mon Jun  8 18:13:03 2020] GET /static/css/reset.css => generated 94 bytes in 1 msecs (HTTP/1.1 404) 3 headers in 100 bytes (1 switches on core 5)
[pid: 9554|app: 0|req: 7/17] 127.0.0.1 () {42 vars in 865 bytes} [Mon Jun  8 18:13:03 2020] GET /static/axf/main/css/mine.css => generated 102 bytes in 1 msecs (HTTP/1.1 404) 3 headers in 101 bytes (1 switches on core 8)
[pid: 9562|app: 0|req: 6/18] 127.0.0.1 () {42 vars in 965 bytes} [Mon Jun  8 18:13:03 2020] GET /static/upload/icons/20/05/15/%E5%BE%AE%E4%BF%A1%E5%9B%BE%E7%89%87_20200513204916_y02ahkY.jpg => generated 142 bytes in 1 msecs (HTTP/1.1 404) 3 headers in 101 bytes (1 switches on core 8)
[pid: 9562|app: 0|req: 7/20] 127.0.0.1 () {40 vars in 773 bytes} [Mon Jun  8 18:13:03 2020] GET /static/js/base.js => generated 91 bytes in 1 msecs (HTTP/1.1 404) 3 headers in 100 bytes (1 switches on core 6)
[pid: 9572|app: 0|req: 5/20] 127.0.0.1 () {40 vars in 777 bytes} [Mon Jun  8 18:13:03 2020] GET /static/js/jquery.js => generated 93 bytes in 1 msecs (HTTP/1.1 404) 3 headers in 100 bytes (1 switches on core 9)
[pid: 9572|app: 0|req: 6/22] 127.0.0.1 () {40 vars in 783 bytes} [Mon Jun  8 18:13:03 2020] GET /static/js/bootstrap.js => generated 96 bytes in 1 msecs (HTTP/1.1 404) 3 headers in 100 bytes (1 switches on core 2)
[pid: 9562|app: 0|req: 8/22] 127.0.0.1 () {40 vars in 791 bytes} [Mon Jun  8 18:13:03 2020] GET /static/axf/main/js/mine.js => generated 100 bytes in 1 msecs (HTTP/1.1 404) 3 headers in 101 bytes (1 switches on core 9)
[pid: 9572|app: 0|req: 7/23] 127.0.0.1 () {40 vars in 810 bytes} [Mon Jun  8 18:13:03 2020] GET /static/axf/main/css/main.css => generated 102 bytes in 1 msecs (HTTP/1.1 404) 3 headers in 101 bytes (1 switches on core 9)
[pid: 9562|app: 0|req: 9/24] 127.0.0.1 () {40 vars in 802 bytes} [Mon Jun  8 18:13:03 2020] GET /static/css/bootstrap.css => generated 98 bytes in 1 msecs (HTTP/1.1 404) 3 headers in 100 bytes (1 switches on core 1)
[pid: 9572|app: 0|req: 8/25] 127.0.0.1 () {40 vars in 796 bytes} [Mon Jun  8 18:13:03 2020] GET /static/css/swiper.css => generated 95 bytes in 1 msecs (HTTP/1.1 404) 3 headers in 100 bytes (1 switches on core 8)
[pid: 9572|app: 0|req: 9/26] 127.0.0.1 () {40 vars in 783 bytes} [Mon Jun  8 18:13:03 2020] GET /static/js/bootstrap.js => generated 96 bytes in 1 msecs (HTTP/1.1 404) 3 headers in 100 bytes (1 switches on core 3)
[pid: 9562|app: 0|req: 10/27] 127.0.0.1 () {40 vars in 773 bytes} [Mon Jun  8 18:13:03 2020] GET /static/js/base.js => generated 91 bytes in 1 msecs (HTTP/1.1 404) 3 headers in 100 bytes (1 switches on core 3)
[pid: 9572|app: 0|req: 10/28] 127.0.0.1 () {40 vars in 791 bytes} [Mon Jun  8 18:13:03 2020] GET /static/axf/main/js/mine.js => generated 100 bytes in 1 msecs (HTTP/1.1 404) 3 headers in 101 bytes (1 switches on core 4)
SIGINT/SIGQUIT received...killing workers...
gateway "uWSGI http 1" has been buried (pid: 9575)
worker 1 buried after 1 seconds
worker 2 buried after 1 seconds
worker 3 buried after 1 seconds
worker 4 buried after 1 seconds
goodbye to uWSGI.
*** Starting uWSGI 2.0.18 (64bit) on [Mon Jun  8 03:26:19 2020] ***
compiled with version: 5.4.0 20160609 on 08 June 2020 09:45:43
os: Linux-4.15.0-101-generic #102~16.04.1-Ubuntu SMP Mon May 11 11:38:16 UTC 2020
nodename: ubuntu
machine: x86_64
clock source: unix
detected number of CPU cores: 4
current working directory: /home/xiaoniuniu2/GP1/day8/GPAXF
writing pidfile to uwsgi.pid
detected binary path: /home/xiaoniuniu2/.virtualenvs/GP1/bin/uwsgi
!!! no internal routing support, rebuild with pcre support !!!
chdir() to /home/xiaoniuniu2/GP1/day8/GPAXF
your processes number limit is 12424
your memory page size is 4096 bytes
detected max file descriptor number: 1048576
lock engine: pthread robust mutexes
thunder lock: disabled (you can enable it with --thunder-lock)
uwsgi socket 0 bound to TCP address 127.0.0.0:8000 fd 3
Python version: 3.5.2 (default, Apr 16 2020, 17:47:17)  [GCC 5.4.0 20160609]
Python main interpreter initialized at 0x72c400
python threads support enabled
your server socket listen backlog is limited to 100 connections
your mercy for graceful operations on workers is 60 seconds
mapped 835120 bytes (815 KB) for 40 cores
*** Operational MODE: preforking+threaded ***
WSGI app 0 (mountpoint='') ready in 0 seconds on interpreter 0x72c400 pid: 9961 (default app)
*** uWSGI is running in multiple interpreter mode ***
spawned uWSGI master process (pid: 9961)
spawned uWSGI worker 1 (pid: 9964, cores: 10)
spawned uWSGI worker 2 (pid: 9970, cores: 10)
spawned uWSGI worker 3 (pid: 9972, cores: 10)
spawned uWSGI worker 4 (pid: 9990, cores: 10)
SIGINT/SIGQUIT received...killing workers...
worker 1 buried after 1 seconds
worker 2 buried after 1 seconds
worker 3 buried after 1 seconds
worker 4 buried after 1 seconds
goodbye to uWSGI.
*** Starting uWSGI 2.0.18 (64bit) on [Mon Jun  8 03:29:41 2020] ***
compiled with version: 5.4.0 20160609 on 08 June 2020 09:45:43
os: Linux-4.15.0-101-generic #102~16.04.1-Ubuntu SMP Mon May 11 11:38:16 UTC 2020
nodename: ubuntu
machine: x86_64
clock source: unix
detected number of CPU cores: 4
current working directory: /home/xiaoniuniu2/GP1/day8/GPAXF
writing pidfile to uwsgi.pid
detected binary path: /home/xiaoniuniu2/.virtualenvs/GP1/bin/uwsgi
!!! no internal routing support, rebuild with pcre support !!!
chdir() to /home/xiaoniuniu2/GP1/day8/GPAXF
your processes number limit is 12424
your memory page size is 4096 bytes
detected max file descriptor number: 1048576
lock engine: pthread robust mutexes
thunder lock: disabled (you can enable it with --thunder-lock)
uwsgi socket 0 bound to TCP address 0.0.0:8000 fd 3
Python version: 3.5.2 (default, Apr 16 2020, 17:47:17)  [GCC 5.4.0 20160609]
Python main interpreter initialized at 0x2048400
python threads support enabled
your server socket listen backlog is limited to 100 connections
your mercy for graceful operations on workers is 60 seconds
mapped 835120 bytes (815 KB) for 40 cores
*** Operational MODE: preforking+threaded ***
WSGI app 0 (mountpoint='') ready in 0 seconds on interpreter 0x2048400 pid: 10085 (default app)
*** uWSGI is running in multiple interpreter mode ***
spawned uWSGI master process (pid: 10085)
spawned uWSGI worker 1 (pid: 10088, cores: 10)
spawned uWSGI worker 2 (pid: 10094, cores: 10)
spawned uWSGI worker 3 (pid: 10107, cores: 10)
spawned uWSGI worker 4 (pid: 10109, cores: 10)
SIGINT/SIGQUIT received...killing workers...
worker 1 buried after 1 seconds
worker 2 buried after 1 seconds
worker 3 buried after 1 seconds
worker 4 buried after 1 seconds
goodbye to uWSGI.
*** Starting uWSGI 2.0.18 (64bit) on [Mon Jun  8 03:35:34 2020] ***
compiled with version: 5.4.0 20160609 on 08 June 2020 09:45:43
os: Linux-4.15.0-101-generic #102~16.04.1-Ubuntu SMP Mon May 11 11:38:16 UTC 2020
nodename: ubuntu
machine: x86_64
clock source: unix
detected number of CPU cores: 4
current working directory: /home/xiaoniuniu2/GP1/day8/GPAXF
writing pidfile to uwsgi.pid
detected binary path: /home/xiaoniuniu2/.virtualenvs/GP1/bin/uwsgi
!!! no internal routing support, rebuild with pcre support !!!
chdir() to /home/xiaoniuniu2/GP1/day8/GPAXF
your processes number limit is 12424
your memory page size is 4096 bytes
detected max file descriptor number: 1048576
lock engine: pthread robust mutexes
thunder lock: disabled (you can enable it with --thunder-lock)
uwsgi socket 0 bound to TCP address 0.0.0:8000 fd 3
Python version: 3.5.2 (default, Apr 16 2020, 17:47:17)  [GCC 5.4.0 20160609]
Python main interpreter initialized at 0xfcc400
python threads support enabled
your server socket listen backlog is limited to 100 connections
your mercy for graceful operations on workers is 60 seconds
mapped 835120 bytes (815 KB) for 40 cores
*** Operational MODE: preforking+threaded ***
WSGI app 0 (mountpoint='') ready in 0 seconds on interpreter 0xfcc400 pid: 10313 (default app)
*** uWSGI is running in multiple interpreter mode ***
spawned uWSGI master process (pid: 10313)
spawned uWSGI worker 1 (pid: 10316, cores: 10)
spawned uWSGI worker 2 (pid: 10322, cores: 10)
spawned uWSGI worker 3 (pid: 10326, cores: 10)
spawned uWSGI worker 4 (pid: 10334, cores: 10)
[pid: 10326|app: 0|req: 1/1] 127.0.0.1 () {44 vars in 882 bytes} [Mon Jun  8 18:35:56 2020] GET /axf/mine/ => generated 5952 bytes in 74 msecs (HTTP/1.1 200) 4 headers in 124 bytes (1 switches on core 0)
invalid request block size: 21573 (max 4096)...skip
invalid request block size: 21573 (max 4096)...skip
invalid request block size: 21573 (max 4096)...skip
invalid request block size: 21573 (max 4096)...skip
invalid request block size: 21573 (max 4096)...skip
invalid request block size: 21573 (max 4096)...skip
invalid request block size: 21573 (max 4096)...skip
invalid request block size: 21573 (max 4096)...skip
invalid request block size: 21573 (max 4096)...skip
invalid request block size: 21573 (max 4096)...skip
invalid request block size: 21573 (max 4096)...skip
invalid request block size: 21573 (max 4096)...skip
invalid request block size: 21573 (max 4096)...skip
invalid request block size: 21573 (max 4096)...skip
invalid request block size: 21573 (max 4096)...skip
invalid request block size: 21573 (max 4096)...skip
invalid request block size: 21573 (max 4096)...skip
invalid request block size: 21573 (max 4096)...skip
invalid request block size: 21573 (max 4096)...skip
invalid request block size: 21573 (max 4096)...skip
invalid request block size: 21573 (max 4096)...skip
invalid request block size: 21573 (max 4096)...skip
invalid request block size: 21573 (max 4096)...skip
invalid request block size: 21573 (max 4096)...skip
invalid request block size: 21573 (max 4096)...skip
invalid request block size: 21573 (max 4096)...skip
invalid request block size: 21573 (max 4096)...skip
invalid request block size: 21573 (max 4096)...skip
invalid request block size: 21573 (max 4096)...skip
invalid request block size: 21573 (max 4096)...skip
[pid: 10316|app: 0|req: 1/2] 127.0.0.1 () {42 vars in 851 bytes} [Mon Jun  8 18:36:15 2020] GET /axf/mine/ => generated 5952 bytes in 67 msecs (HTTP/1.1 200) 4 headers in 124 bytes (1 switches on core 1)
[pid: 10322|app: 0|req: 1/3] 127.0.0.1 () {44 vars in 893 bytes} [Mon Jun  8 18:36:17 2020] GET /axf/cart/ => generated 3410 bytes in 62 msecs (HTTP/1.1 200) 4 headers in 124 bytes (1 switches on core 4)
[pid: 10334|app: 0|req: 1/4] 127.0.0.1 () {42 vars in 851 bytes} [Mon Jun  8 18:37:11 2020] GET /axf/login => generated 0 bytes in 31 msecs (HTTP/1.1 301) 3 headers in 116 bytes (1 switches on core 9)
[pid: 10326|app: 0|req: 2/5] 127.0.0.1 () {42 vars in 853 bytes} [Mon Jun  8 18:37:11 2020] GET /axf/login/ => generated 1622 bytes in 19 msecs (HTTP/1.1 200) 4 headers in 124 bytes (1 switches on core 5)
[pid: 10326|app: 0|req: 3/6] 127.0.0.1 () {50 vars in 1042 bytes} [Mon Jun  8 18:37:23 2020] POST /axf/login/ => generated 0 bytes in 56 msecs (HTTP/1.1 302) 6 headers in 292 bytes (1 switches on core 2)
[pid: 10322|app: 0|req: 2/7] 127.0.0.1 () {44 vars in 896 bytes} [Mon Jun  8 18:37:23 2020] GET /axf/login/ => generated 1637 bytes in 34 msecs (HTTP/1.1 200) 5 headers in 269 bytes (1 switches on core 8)
[pid: 10316|app: 0|req: 2/8] 127.0.0.1 () {50 vars in 1042 bytes} [Mon Jun  8 18:37:35 2020] POST /axf/login/ => generated 0 bytes in 91 msecs (HTTP/1.1 302) 6 headers in 291 bytes (1 switches on core 5)
[pid: 10316|app: 0|req: 3/9] 127.0.0.1 () {44 vars in 894 bytes} [Mon Jun  8 18:37:35 2020] GET /axf/mine/ => generated 5952 bytes in 14 msecs (HTTP/1.1 200) 4 headers in 124 bytes (1 switches on core 9)
[pid: 10316|app: 0|req: 4/10] 127.0.0.1 () {46 vars in 925 bytes} [Mon Jun  8 18:39:07 2020] GET /axf/mine/ => generated 5952 bytes in 67 msecs (HTTP/1.1 200) 4 headers in 124 bytes (1 switches on core 6)
[pid: 10322|app: 0|req: 3/11] 127.0.0.1 () {46 vars in 925 bytes} [Mon Jun  8 18:39:08 2020] GET /axf/mine/ => generated 5952 bytes in 22 msecs (HTTP/1.1 200) 4 headers in 124 bytes (1 switches on core 9)
[pid: 10334|app: 0|req: 2/12] 127.0.0.1 () {46 vars in 925 bytes} [Mon Jun  8 18:39:09 2020] GET /axf/mine/ => generated 5952 bytes in 33 msecs (HTTP/1.1 200) 4 headers in 124 bytes (1 switches on core 3)
[pid: 10334|app: 0|req: 3/13] 127.0.0.1 () {46 vars in 925 bytes} [Mon Jun  8 18:39:09 2020] GET /axf/mine/ => generated 5952 bytes in 14 msecs (HTTP/1.1 200) 4 headers in 124 bytes (1 switches on core 7)
[pid: 10326|app: 0|req: 4/14] 127.0.0.1 () {46 vars in 925 bytes} [Mon Jun  8 18:39:09 2020] GET /axf/mine/ => generated 5952 bytes in 12 msecs (HTTP/1.1 200) 4 headers in 124 bytes (1 switches on core 8)
[pid: 10322|app: 0|req: 4/15] 127.0.0.1 () {46 vars in 925 bytes} [Mon Jun  8 18:39:09 2020] GET /axf/mine/ => generated 5952 bytes in 11 msecs (HTTP/1.1 200) 4 headers in 124 bytes (1 switches on core 1)
[pid: 10322|app: 0|req: 5/16] 127.0.0.1 () {42 vars in 849 bytes} [Mon Jun  8 18:39:14 2020] GET /axflogin => generated 82 bytes in 3 msecs (HTTP/1.1 404) 3 headers in 100 bytes (1 switches on core 7)
[pid: 10322|app: 0|req: 6/17] 127.0.0.1 () {42 vars in 853 bytes} [Mon Jun  8 18:39:20 2020] GET /axf/login/ => generated 1622 bytes in 17 msecs (HTTP/1.1 200) 4 headers in 124 bytes (1 switches on core 6)
[pid: 10326|app: 0|req: 5/18] 127.0.0.1 () {50 vars in 1042 bytes} [Mon Jun  8 18:39:24 2020] POST /axf/login/ => generated 0 bytes in 87 msecs (HTTP/1.1 302) 6 headers in 292 bytes (1 switches on core 4)
[pid: 10326|app: 0|req: 6/19] 127.0.0.1 () {44 vars in 896 bytes} [Mon Jun  8 18:39:24 2020] GET /axf/login/ => generated 1634 bytes in 13 msecs (HTTP/1.1 200) 5 headers in 269 bytes (1 switches on core 7)
[pid: 10322|app: 0|req: 7/20] 127.0.0.1 () {50 vars in 1042 bytes} [Mon Jun  8 18:39:31 2020] POST /axf/login/ => generated 0 bytes in 97 msecs (HTTP/1.1 302) 6 headers in 291 bytes (1 switches on core 0)
[pid: 10322|app: 0|req: 8/21] 127.0.0.1 () {44 vars in 894 bytes} [Mon Jun  8 18:39:31 2020] GET /axf/mine/ => generated 5952 bytes in 11 msecs (HTTP/1.1 200) 4 headers in 124 bytes (1 switches on core 5)
*** Starting uWSGI 2.0.18 (64bit) on [Mon Jun  8 03:44:03 2020] ***
compiled with version: 5.4.0 20160609 on 08 June 2020 09:45:43
os: Linux-4.15.0-101-generic #102~16.04.1-Ubuntu SMP Mon May 11 11:38:16 UTC 2020
nodename: ubuntu
machine: x86_64
clock source: unix
detected number of CPU cores: 4
current working directory: /home/xiaoniuniu2/GP1/day8/GPAXF
writing pidfile to uwsgi.pid
detected binary path: /home/xiaoniuniu2/.virtualenvs/GP1/bin/uwsgi
!!! no internal routing support, rebuild with pcre support !!!
chdir() to /home/xiaoniuniu2/GP1/day8/GPAXF
your processes number limit is 12424
your memory page size is 4096 bytes
detected max file descriptor number: 1048576
lock engine: pthread robust mutexes
thunder lock: disabled (you can enable it with --thunder-lock)
probably another instance of uWSGI is running on the same address (0.0.0:8000).
bind(): Address already in use [core/socket.c line 769]
*** Starting uWSGI 2.0.18 (64bit) on [Mon Jun  8 03:44:14 2020] ***
compiled with version: 5.4.0 20160609 on 08 June 2020 09:45:43
os: Linux-4.15.0-101-generic #102~16.04.1-Ubuntu SMP Mon May 11 11:38:16 UTC 2020
nodename: ubuntu
machine: x86_64
clock source: unix
detected number of CPU cores: 4
current working directory: /home/xiaoniuniu2/GP1/day8/GPAXF
writing pidfile to uwsgi.pid
detected binary path: /home/xiaoniuniu2/.virtualenvs/GP1/bin/uwsgi
!!! no internal routing support, rebuild with pcre support !!!
chdir() to /home/xiaoniuniu2/GP1/day8/GPAXF
your processes number limit is 12424
your memory page size is 4096 bytes
detected max file descriptor number: 1048576
lock engine: pthread robust mutexes
thunder lock: disabled (you can enable it with --thunder-lock)
probably another instance of uWSGI is running on the same address (0.0.0:8000).
bind(): Address already in use [core/socket.c line 769]
*** Starting uWSGI 2.0.18 (64bit) on [Mon Jun  8 03:45:02 2020] ***
compiled with version: 5.4.0 20160609 on 08 June 2020 09:45:43
os: Linux-4.15.0-101-generic #102~16.04.1-Ubuntu SMP Mon May 11 11:38:16 UTC 2020
nodename: ubuntu
machine: x86_64
clock source: unix
detected number of CPU cores: 4
current working directory: /home/xiaoniuniu2/GP1/day8/GPAXF
writing pidfile to uwsgi.pid
detected binary path: /home/xiaoniuniu2/.virtualenvs/GP1/bin/uwsgi
!!! no internal routing support, rebuild with pcre support !!!
chdir() to /home/xiaoniuniu2/GP1/day8/GPAXF
your processes number limit is 12424
your memory page size is 4096 bytes
detected max file descriptor number: 1048576
lock engine: pthread robust mutexes
thunder lock: disabled (you can enable it with --thunder-lock)
probably another instance of uWSGI is running on the same address (0.0.0:8000).
bind(): Address already in use [core/socket.c line 769]
[pid: 10334|app: 0|req: 4/22] 127.0.0.1 () {46 vars in 925 bytes} [Mon Jun  8 18:45:34 2020] GET /axf/mine/ => generated 5952 bytes in 24 msecs (HTTP/1.1 200) 4 headers in 124 bytes (1 switches on core 1)
[pid: 10322|app: 0|req: 9/23] 127.0.0.1 () {46 vars in 925 bytes} [Mon Jun  8 18:45:35 2020] GET /axf/mine/ => generated 5952 bytes in 21 msecs (HTTP/1.1 200) 4 headers in 124 bytes (1 switches on core 4)
[pid: 10326|app: 0|req: 7/24] 127.0.0.1 () {46 vars in 925 bytes} [Mon Jun  8 18:45:35 2020] GET /axf/mine/ => generated 5952 bytes in 15 msecs (HTTP/1.1 200) 4 headers in 124 bytes (1 switches on core 6)
[pid: 10334|app: 0|req: 5/25] 127.0.0.1 () {46 vars in 925 bytes} [Mon Jun  8 18:45:35 2020] GET /axf/mine/ => generated 5952 bytes in 20 msecs (HTTP/1.1 200) 4 headers in 124 bytes (1 switches on core 4)
[pid: 10326|app: 0|req: 8/26] 127.0.0.1 () {46 vars in 925 bytes} [Tue Jun  9 10:19:59 2020] GET /axf/mine/ => generated 5952 bytes in 137 msecs (HTTP/1.1 200) 4 headers in 124 bytes (1 switches on core 0)
[pid: 10326|app: 0|req: 9/27] 127.0.0.1 () {46 vars in 925 bytes} [Tue Jun  9 17:06:31 2020] GET /axf/mine/ => generated 5952 bytes in 160 msecs (HTTP/1.1 200) 4 headers in 124 bytes (1 switches on core 5)
[pid: 10326|app: 0|req: 10/28] 127.0.0.1 () {44 vars in 901 bytes} [Tue Jun  9 17:06:38 2020] GET /axf/loginout/ => generated 0 bytes in 89 msecs (HTTP/1.1 302) 5 headers in 217 bytes (1 switches on core 2)
[pid: 10334|app: 0|req: 6/29] 127.0.0.1 () {44 vars in 849 bytes} [Tue Jun  9 17:06:38 2020] GET /axf/mine/ => generated 0 bytes in 50 msecs (HTTP/1.1 302) 5 headers in 147 bytes (1 switches on core 2)
[pid: 10326|app: 0|req: 11/30] 127.0.0.1 () {44 vars in 851 bytes} [Tue Jun  9 17:06:38 2020] GET /axf/login/ => generated 1622 bytes in 8 msecs (HTTP/1.1 200) 4 headers in 124 bytes (1 switches on core 3)
[pid: 10316|app: 0|req: 5/31] 127.0.0.1 () {46 vars in 882 bytes} [Tue Jun  9 17:06:44 2020] GET /axf/login/ => generated 1622 bytes in 95 msecs (HTTP/1.1 200) 4 headers in 124 bytes (1 switches on core 7)
[pid: 10316|app: 0|req: 6/32] 127.0.0.1 () {42 vars in 807 bytes} [Tue Jun  9 17:06:52 2020] GET /axf/mine/ => generated 0 bytes in 4 msecs (HTTP/1.1 302) 5 headers in 147 bytes (1 switches on core 1)
[pid: 10326|app: 0|req: 12/33] 127.0.0.1 () {42 vars in 809 bytes} [Tue Jun  9 17:06:52 2020] GET /axf/login/ => generated 1622 bytes in 2 msecs (HTTP/1.1 200) 4 headers in 124 bytes (1 switches on core 8)
[pid: 10326|app: 0|req: 13/34] 127.0.0.1 () {42 vars in 807 bytes} [Tue Jun  9 17:06:58 2020] GET /axf/mine/ => generated 0 bytes in 11 msecs (HTTP/1.1 302) 5 headers in 147 bytes (1 switches on core 4)
[pid: 10334|app: 0|req: 7/35] 127.0.0.1 () {42 vars in 809 bytes} [Tue Jun  9 17:06:58 2020] GET /axf/login/ => generated 1622 bytes in 49 msecs (HTTP/1.1 200) 4 headers in 124 bytes (1 switches on core 0)
[pid: 10322|app: 0|req: 10/36] 127.0.0.1 () {42 vars in 805 bytes} [Tue Jun  9 17:07:09 2020] GET /axf/home => generated 0 bytes in 49 msecs (HTTP/1.1 301) 3 headers in 115 bytes (1 switches on core 8)
[pid: 10316|app: 0|req: 7/37] 127.0.0.1 () {42 vars in 807 bytes} [Tue Jun  9 17:07:09 2020] GET /axf/home/ => generated 26203 bytes in 49 msecs (HTTP/1.1 200) 3 headers in 111 bytes (1 switches on core 5)
[pid: 10322|app: 0|req: 11/38] 127.0.0.1 () {44 vars in 849 bytes} [Tue Jun  9 17:07:11 2020] GET /axf/mine/ => generated 0 bytes in 17 msecs (HTTP/1.1 302) 5 headers in 147 bytes (1 switches on core 3)
[pid: 10322|app: 0|req: 12/39] 127.0.0.1 () {44 vars in 851 bytes} [Tue Jun  9 17:07:11 2020] GET /axf/login/ => generated 1622 bytes in 24 msecs (HTTP/1.1 200) 4 headers in 124 bytes (1 switches on core 1)
[pid: 10316|app: 0|req: 8/40] 127.0.0.1 () {44 vars in 853 bytes} [Tue Jun  9 17:07:16 2020] GET /axf/market/ => generated 0 bytes in 1 msecs (HTTP/1.1 302) 4 headers in 155 bytes (1 switches on core 9)
0
<class 'str'>
[pid: 10326|app: 0|req: 14/41] 127.0.0.1 () {44 vars in 895 bytes} [Tue Jun  9 17:07:16 2020] GET /axf/marketwithparams/104749/0/0/ => generated 10781 bytes in 55 msecs (HTTP/1.1 200) 3 headers in 111 bytes (1 switches on core 9)
[pid: 10316|app: 0|req: 9/42] 127.0.0.1 () {44 vars in 872 bytes} [Tue Jun  9 17:07:17 2020] GET /axf/cart/ => generated 0 bytes in 1 msecs (HTTP/1.1 302) 5 headers in 147 bytes (1 switches on core 6)
[pid: 10334|app: 0|req: 8/43] 127.0.0.1 () {44 vars in 874 bytes} [Tue Jun  9 17:07:17 2020] GET /axf/login/ => generated 1622 bytes in 5 msecs (HTTP/1.1 200) 4 headers in 124 bytes (1 switches on core 3)
[pid: 10326|app: 0|req: 15/44] 127.0.0.1 () {50 vars in 998 bytes} [Tue Jun  9 17:07:24 2020] POST /axf/login/ => generated 0 bytes in 118 msecs (HTTP/1.1 302) 6 headers in 292 bytes (1 switches on core 1)
[pid: 10322|app: 0|req: 13/45] 127.0.0.1 () {44 vars in 896 bytes} [Tue Jun  9 17:07:24 2020] GET /axf/login/ => generated 1634 bytes in 39 msecs (HTTP/1.1 200) 5 headers in 269 bytes (1 switches on core 7)
[pid: 10316|app: 0|req: 10/46] 127.0.0.1 () {50 vars in 1042 bytes} [Tue Jun  9 17:07:29 2020] POST /axf/login/ => generated 0 bytes in 119 msecs (HTTP/1.1 302) 6 headers in 291 bytes (1 switches on core 8)
[pid: 10316|app: 0|req: 11/47] 127.0.0.1 () {44 vars in 894 bytes} [Tue Jun  9 17:07:29 2020] GET /axf/mine/ => generated 5952 bytes in 18 msecs (HTTP/1.1 200) 4 headers in 124 bytes (1 switches on core 4)
[pid: 10326|app: 0|req: 16/48] 127.0.0.1 () {44 vars in 893 bytes} [Tue Jun  9 17:07:36 2020] GET /axf/cart/ => generated 3410 bytes in 38 msecs (HTTP/1.1 200) 4 headers in 124 bytes (1 switches on core 6)
[pid: 10326|app: 0|req: 17/49] 127.0.0.1 () {44 vars in 893 bytes} [Tue Jun  9 17:07:40 2020] GET /axf/mine/ => generated 5952 bytes in 14 msecs (HTTP/1.1 200) 4 headers in 124 bytes (1 switches on core 2)
[pid: 10326|app: 0|req: 18/50] 127.0.0.1 () {44 vars in 915 bytes} [Tue Jun  9 17:07:40 2020] GET /axf/orderlistnotpay/ => generated 3426 bytes in 42 msecs (HTTP/1.1 200) 4 headers in 124 bytes (1 switches on core 3)
[pid: 10326|app: 0|req: 19/51] 127.0.0.1 () {44 vars in 939 bytes} [Tue Jun  9 17:07:45 2020] GET /axf/orderdetail/?orderid=39 => generated 1898 bytes in 34 msecs (HTTP/1.1 200) 4 headers in 124 bytes (1 switches on core 8)
*** Starting uWSGI 2.0.18 (64bit) on [Wed Jun 10 04:43:21 2020] ***
compiled with version: 5.4.0 20160609 on 08 June 2020 09:45:43
os: Linux-4.15.0-101-generic #102~16.04.1-Ubuntu SMP Mon May 11 11:38:16 UTC 2020
nodename: ubuntu
machine: x86_64
clock source: unix
detected number of CPU cores: 4
current working directory: /home/xiaoniuniu2/GP1/day8/GPAXF
writing pidfile to uwsgi.pid
detected binary path: /home/xiaoniuniu2/.virtualenvs/GP1/bin/uwsgi
!!! no internal routing support, rebuild with pcre support !!!
chdir() to /home/xiaoniuniu2/GP1/day8/GPAXF
your processes number limit is 12424
your memory page size is 4096 bytes
detected max file descriptor number: 1048576
lock engine: pthread robust mutexes
thunder lock: disabled (you can enable it with --thunder-lock)
uwsgi socket 0 bound to TCP address 0.0.0:8000 fd 3
Python version: 3.5.2 (default, Apr 16 2020, 17:47:17)  [GCC 5.4.0 20160609]
Python main interpreter initialized at 0x20cb480
python threads support enabled
your server socket listen backlog is limited to 100 connections
your mercy for graceful operations on workers is 60 seconds
mapped 835120 bytes (815 KB) for 40 cores
*** Operational MODE: preforking+threaded ***
WSGI app 0 (mountpoint='') ready in 0 seconds on interpreter 0x20cb480 pid: 15378 (default app)
*** uWSGI is running in multiple interpreter mode ***
spawned uWSGI master process (pid: 15378)
spawned uWSGI worker 1 (pid: 15381, cores: 10)
spawned uWSGI worker 2 (pid: 15390, cores: 10)
spawned uWSGI worker 3 (pid: 15396, cores: 10)
spawned uWSGI worker 4 (pid: 15404, cores: 10)
invalid request block size: 21573 (max 4096)...skip
invalid request block size: 21573 (max 4096)...skip
invalid request block size: 21573 (max 4096)...skip
invalid request block size: 21573 (max 4096)...skip
invalid request block size: 21573 (max 4096)...skip
invalid request block size: 21573 (max 4096)...skip
invalid request block size: 21573 (max 4096)...skip
invalid request block size: 21573 (max 4096)...skip
invalid request block size: 21573 (max 4096)...skip
invalid request block size: 21573 (max 4096)...skip
invalid request block size: 21573 (max 4096)...skip
invalid request block size: 21573 (max 4096)...skip
invalid request block size: 21573 (max 4096)...skip
invalid request block size: 21573 (max 4096)...skip
invalid request block size: 21573 (max 4096)...skip
invalid request block size: 21573 (max 4096)...skip
invalid request block size: 21573 (max 4096)...skip
invalid request block size: 21573 (max 4096)...skip
invalid request block size: 21573 (max 4096)...skip
invalid request block size: 21573 (max 4096)...skip
invalid request block size: 21573 (max 4096)...skip
invalid request block size: 21573 (max 4096)...skip
invalid request block size: 21573 (max 4096)...skip
invalid request block size: 21573 (max 4096)...skip
invalid request block size: 21573 (max 4096)...skip
invalid request block size: 21573 (max 4096)...skip
invalid request block size: 21573 (max 4096)...skip
invalid request block size: 21573 (max 4096)...skip
invalid request block size: 21573 (max 4096)...skip
invalid request block size: 21573 (max 4096)...skip
*** Starting uWSGI 2.0.18 (64bit) on [Wed Jun 10 19:19:26 2020] ***
compiled with version: 5.4.0 20160609 on 08 June 2020 09:45:43
os: Linux-4.15.0-101-generic #102~16.04.1-Ubuntu SMP Mon May 11 11:38:16 UTC 2020
nodename: ubuntu
machine: x86_64
clock source: unix
detected number of CPU cores: 4
current working directory: /home/xiaoniuniu2/GP1/day8/GPAXF
writing pidfile to uwsgi.pid
detected binary path: /home/xiaoniuniu2/.virtualenvs/GP1/bin/uwsgi
!!! no internal routing support, rebuild with pcre support !!!
chdir() to /home/xiaoniuniu2/GP1/day8/GPAXF
your processes number limit is 12424
your memory page size is 4096 bytes
detected max file descriptor number: 1048576
lock engine: pthread robust mutexes
thunder lock: disabled (you can enable it with --thunder-lock)
uwsgi socket 0 bound to TCP address 0.0.0:8000 fd 3
Python version: 3.5.2 (default, Apr 16 2020, 17:47:17)  [GCC 5.4.0 20160609]
Python main interpreter initialized at 0x17703e0
python threads support enabled
your server socket listen backlog is limited to 100 connections
your mercy for graceful operations on workers is 60 seconds
mapped 835120 bytes (815 KB) for 40 cores
*** Operational MODE: preforking+threaded ***
WSGI app 0 (mountpoint='') ready in 1 seconds on interpreter 0x17703e0 pid: 4040 (default app)
*** uWSGI is running in multiple interpreter mode ***
spawned uWSGI master process (pid: 4040)
spawned uWSGI worker 1 (pid: 4043, cores: 10)
spawned uWSGI worker 2 (pid: 4045, cores: 10)
spawned uWSGI worker 3 (pid: 4053, cores: 10)
spawned uWSGI worker 4 (pid: 4054, cores: 10)
invalid request block size: 21573 (max 4096)...skip
invalid request block size: 21573 (max 4096)...skip
invalid request block size: 21573 (max 4096)...skip
invalid request block size: 21573 (max 4096)...skip
invalid request block size: 21573 (max 4096)...skip
invalid request block size: 21573 (max 4096)...skip
invalid request block size: 21573 (max 4096)...skip
invalid request block size: 21573 (max 4096)...skip
invalid request block size: 21573 (max 4096)...skip
invalid request block size: 21573 (max 4096)...skip
SIGINT/SIGQUIT received...killing workers...
worker 1 buried after 1 seconds
worker 2 buried after 1 seconds
worker 3 buried after 1 seconds
worker 4 buried after 1 seconds
goodbye to uWSGI.
*** Starting uWSGI 2.0.18 (64bit) on [Wed Jun 10 19:54:08 2020] ***
compiled with version: 5.4.0 20160609 on 08 June 2020 09:45:43
os: Linux-4.15.0-101-generic #102~16.04.1-Ubuntu SMP Mon May 11 11:38:16 UTC 2020
nodename: ubuntu
machine: x86_64
clock source: unix
detected number of CPU cores: 4
current working directory: /home/xiaoniuniu2/GP1/day8/GPAXF
writing pidfile to uwsgi.pid
detected binary path: /home/xiaoniuniu2/.virtualenvs/GP1/bin/uwsgi
!!! no internal routing support, rebuild with pcre support !!!
chdir() to /home/xiaoniuniu2/GP1/day8/GPAXF
your processes number limit is 12424
your memory page size is 4096 bytes
detected max file descriptor number: 1048576
lock engine: pthread robust mutexes
thunder lock: disabled (you can enable it with --thunder-lock)
uwsgi socket 0 bound to TCP address 0.0.0:8000 fd 3
Python version: 3.5.2 (default, Apr 16 2020, 17:47:17)  [GCC 5.4.0 20160609]
Python main interpreter initialized at 0x16c4410
python threads support enabled
your server socket listen backlog is limited to 100 connections
your mercy for graceful operations on workers is 60 seconds
mapped 835120 bytes (815 KB) for 40 cores
*** Operational MODE: preforking+threaded ***
WSGI app 0 (mountpoint='') ready in 0 seconds on interpreter 0x16c4410 pid: 5756 (default app)
*** uWSGI is running in multiple interpreter mode ***
spawned uWSGI master process (pid: 5756)
spawned uWSGI worker 1 (pid: 5759, cores: 10)
spawned uWSGI worker 2 (pid: 5769, cores: 10)
spawned uWSGI worker 3 (pid: 5770, cores: 10)
spawned uWSGI worker 4 (pid: 5775, cores: 10)
invalid request block size: 21573 (max 4096)...skip
invalid request block size: 21573 (max 4096)...skip
invalid request block size: 21573 (max 4096)...skip
invalid request block size: 21573 (max 4096)...skip
invalid request block size: 21573 (max 4096)...skip
invalid request block size: 21573 (max 4096)...skip
invalid request block size: 21573 (max 4096)...skip
invalid request block size: 21573 (max 4096)...skip
invalid request block size: 21573 (max 4096)...skip
invalid request block size: 21573 (max 4096)...skip
invalid request block size: 21573 (max 4096)...skip
invalid request block size: 21573 (max 4096)...skip
invalid request block size: 21573 (max 4096)...skip
invalid request block size: 21573 (max 4096)...skip
invalid request block size: 21573 (max 4096)...skip
invalid request block size: 21573 (max 4096)...skip
invalid request block size: 21573 (max 4096)...skip
invalid request block size: 21573 (max 4096)...skip
invalid request block size: 21573 (max 4096)...skip
invalid request block size: 21573 (max 4096)...skip
invalid request block size: 21573 (max 4096)...skip
invalid request block size: 21573 (max 4096)...skip
invalid request block size: 21573 (max 4096)...skip
invalid request block size: 21573 (max 4096)...skip
invalid request block size: 21573 (max 4096)...skip
invalid request block size: 21573 (max 4096)...skip
invalid request block size: 21573 (max 4096)...skip
invalid request block size: 21573 (max 4096)...skip
invalid request block size: 21573 (max 4096)...skip
invalid request block size: 21573 (max 4096)...skip
invalid request block size: 21573 (max 4096)...skip
invalid request block size: 21573 (max 4096)...skip
invalid request block size: 21573 (max 4096)...skip
invalid request block size: 21573 (max 4096)...skip
invalid request block size: 21573 (max 4096)...skip
invalid request block size: 21573 (max 4096)...skip
invalid request block size: 21573 (max 4096)...skip
invalid request block size: 21573 (max 4096)...skip
invalid request block size: 21573 (max 4096)...skip
invalid request block size: 21573 (max 4096)...skip
invalid request block size: 21573 (max 4096)...skip
invalid request block size: 21573 (max 4096)...skip
invalid request block size: 21573 (max 4096)...skip
invalid request block size: 21573 (max 4096)...skip
invalid request block size: 21573 (max 4096)...skip
invalid request block size: 21573 (max 4096)...skip
invalid request block size: 21573 (max 4096)...skip
invalid request block size: 21573 (max 4096)...skip
invalid request block size: 21573 (max 4096)...skip
invalid request block size: 21573 (max 4096)...skip
SIGINT/SIGQUIT received...killing workers...
worker 1 buried after 1 seconds
worker 2 buried after 1 seconds
worker 3 buried after 1 seconds
worker 4 buried after 1 seconds
goodbye to uWSGI.
